========[Begin]========
2020-03-19 10:44:51,787 [线程7] ERROR MyError 日志正文如下- 
成功建立长连接！

========[Begin]========
2020-03-19 10:45:15,527 [线程6] ERROR MyError 日志正文如下- 
关闭长连接

========[Begin]========
2020-03-19 10:45:15,615 [线程10] ERROR MyError 日志正文如下- 
成功建立长连接！

========[Begin]========
2020-03-19 10:47:44,209 [线程6] ERROR MyError 日志正文如下- 
关闭长连接

========[Begin]========
2020-03-19 10:47:44,609 [线程7] ERROR MyError 日志正文如下- 
成功建立长连接！

========[Begin]========
2020-03-19 10:47:48,689 [线程7] ERROR MyError 日志正文如下- 
关闭长连接

========[Begin]========
2020-03-19 10:48:13,181 [线程7] ERROR MyError 日志正文如下- 
成功建立长连接！

========[Begin]========
2020-03-19 10:48:16,131 [线程7] ERROR MyError 日志正文如下- 
关闭长连接

========[Begin]========
2020-03-19 10:48:16,457 [线程15] ERROR MyError 日志正文如下- 
成功建立长连接！

========[Begin]========
2020-03-19 10:48:39,769 [线程15] ERROR MyError 日志正文如下- 
关闭长连接

========[Begin]========
2020-03-19 10:48:40,075 [线程17] ERROR MyError 日志正文如下- 
成功建立长连接！

========[Begin]========
2020-03-19 10:50:00,604 [线程24] ERROR MyError 日志正文如下- 
关闭长连接

========[Begin]========
2020-03-19 10:50:00,952 [线程16] ERROR MyError 日志正文如下- 
成功建立长连接！

========[Begin]========
2020-03-19 10:50:29,060 [线程23] ERROR MyError 日志正文如下- 
成功建立长连接！

========[Begin]========
2020-03-19 10:50:32,795 [线程23] ERROR MyError 日志正文如下- 
接收到客户端=[03a4573d66e54b1b8929becfd89d8f8a]172.16.2.4:65480，具体信息=ssss

========[Begin]========
2020-03-19 10:51:32,792 [线程16] ERROR MyError 日志正文如下- 
关闭长连接

========[Begin]========
2020-03-19 10:51:33,128 [线程24] ERROR MyError 日志正文如下- 
成功建立长连接！

========[Begin]========
2020-03-19 10:52:17,876 [线程24] ERROR MyError 日志正文如下- 
关闭长连接

========[Begin]========
2020-03-19 10:52:18,257 [线程24] ERROR MyError 日志正文如下- 
成功建立长连接！

========[Begin]========
2020-03-19 10:53:24,492 [线程16] ERROR MyError 日志正文如下- 
关闭长连接

========[Begin]========
2020-03-19 10:56:18,162 [线程32] ERROR MyError 日志正文如下- 
成功建立长连接！

========[Begin]========
2020-03-19 10:56:36,714 [线程16] ERROR MyError 日志正文如下- 
关闭长连接

========[Begin]========
2020-03-19 10:56:36,827 [线程16] ERROR MyError 日志正文如下- 
成功建立长连接！

========[Begin]========
2020-03-19 10:56:58,745 [线程24] ERROR MyError 日志正文如下- 
关闭长连接

========[Begin]========
2020-03-19 10:56:59,093 [线程24] ERROR MyError 日志正文如下- 
成功建立长连接！

========[Begin]========
2020-03-19 10:57:59,420 [线程16] ERROR MyError 日志正文如下- 
关闭长连接

========[Begin]========
2020-03-19 10:57:59,883 [线程37] ERROR MyError 日志正文如下- 
成功建立长连接！

========[Begin]========
2020-03-19 10:58:04,753 [线程37] ERROR MyError 日志正文如下- 
关闭长连接

========[Begin]========
2020-03-19 10:58:05,134 [线程36] ERROR MyError 日志正文如下- 
成功建立长连接！

========[Begin]========
2020-03-19 11:02:14,179 [线程36] ERROR MyError 日志正文如下- 
关闭长连接

========[Begin]========
2020-03-19 11:02:14,557 [线程47] ERROR MyError 日志正文如下- 
成功建立长连接！

========[Begin]========
2020-03-19 11:02:34,981 [线程39] ERROR MyError 日志正文如下- 
关闭长连接

========[Begin]========
2020-03-19 11:02:35,310 [线程39] ERROR MyError 日志正文如下- 
成功建立长连接！

========[Begin]========
2020-03-19 11:02:44,503 [线程37] ERROR MyError 日志正文如下- 
关闭长连接

========[Begin]========
2020-03-19 11:03:03,293 [线程45] ERROR MyError 日志正文如下- 
成功建立长连接！

========[Begin]========
2020-03-19 11:03:34,829 [线程37] ERROR MyError 日志正文如下- 
关闭长连接

========[Begin]========
2020-03-19 11:03:35,193 [线程39] ERROR MyError 日志正文如下- 
成功建立长连接！

========[Begin]========
2020-03-19 11:07:46,000 [线程6] ERROR MyError 日志正文如下- 
成功建立长连接！

========[Begin]========
2020-03-19 11:09:18,008 [线程14] ERROR MyError 日志正文如下- 
关闭长连接

========[Begin]========
2020-03-19 11:09:18,358 [线程12] ERROR MyError 日志正文如下- 
成功建立长连接！

========[Begin]========
2020-03-19 11:14:08,649 [线程7] ERROR MyError 日志正文如下- 
成功建立长连接！

========[Begin]========
2020-03-19 11:14:26,944 [线程6] ERROR MyError 日志正文如下- 
关闭长连接

========[Begin]========
2020-03-19 11:14:27,229 [线程7] ERROR MyError 日志正文如下- 
成功建立长连接！

========[Begin]========
2020-03-19 11:14:29,716 [线程6] ERROR MyError 日志正文如下- 
关闭长连接

========[Begin]========
2020-03-19 11:14:29,843 [线程11] ERROR MyError 日志正文如下- 
成功建立长连接！

========[Begin]========
2020-03-19 11:14:36,375 [线程6] ERROR MyError 日志正文如下- 
关闭长连接

========[Begin]========
2020-03-19 11:14:36,681 [线程7] ERROR MyError 日志正文如下- 
成功建立长连接！

========[Begin]========
2020-03-19 11:14:37,963 [线程6] ERROR MyError 日志正文如下- 
关闭长连接

========[Begin]========
2020-03-19 11:14:38,061 [线程11] ERROR MyError 日志正文如下- 
成功建立长连接！

========[Begin]========
2020-03-19 11:20:13,086 [线程7] ERROR MyError 日志正文如下- 
成功建立长连接！

========[Begin]========
2020-03-19 11:20:58,934 [线程6] ERROR MyError 日志正文如下- 
关闭长连接

========[Begin]========
2020-03-19 11:20:59,256 [线程10] ERROR MyError 日志正文如下- 
成功建立长连接！

========[Begin]========
2020-03-19 11:24:04,566 [线程7] ERROR MyError 日志正文如下- 
关闭长连接

========[Begin]========
2020-03-19 11:53:17,797 [线程18] ERROR MyError 日志正文如下- 
成功建立长连接！

========[Begin]========
2020-03-19 11:53:41,945 [线程24] ERROR MyError 日志正文如下- 
关闭长连接

========[Begin]========
2020-03-19 11:53:45,552 [线程24] ERROR MyError 日志正文如下- 
成功建立长连接！

========[Begin]========
2020-03-19 11:54:33,584 [线程22] ERROR MyError 日志正文如下- 
关闭长连接

========[Begin]========
2020-03-19 11:54:37,026 [线程23] ERROR MyError 日志正文如下- 
成功建立长连接！

========[Begin]========
2020-03-19 13:44:37,537 [线程7] ERROR MyError 日志正文如下- 
成功建立长连接！

========[Begin]========
2020-03-19 13:52:34,253 [线程20] ERROR MyError 日志正文如下- 
关闭长连接

========[Begin]========
2020-03-19 13:52:37,602 [线程17] ERROR MyError 日志正文如下- 
成功建立长连接！

========[Begin]========
2020-03-19 13:53:30,199 [线程14] ERROR MyError 日志正文如下- 
关闭长连接

========[Begin]========
2020-03-19 13:53:33,734 [线程14] ERROR MyError 日志正文如下- 
成功建立长连接！

========[Begin]========
2020-03-19 13:53:48,528 [线程20] ERROR MyError 日志正文如下- 
关闭长连接

========[Begin]========
2020-03-19 13:53:51,925 [线程9] ERROR MyError 日志正文如下- 
成功建立长连接！

========[Begin]========
2020-03-19 13:53:54,585 [线程14] ERROR MyError 日志正文如下- 
接收到客户端=[bebb393af52f43d686e1966a525edb75]172.16.2.4:16482，具体信息=撒旦法

========[Begin]========
2020-03-19 13:54:21,646 [线程17] ERROR MyError 日志正文如下- 
关闭长连接

========[Begin]========
2020-03-19 13:54:25,139 [线程17] ERROR MyError 日志正文如下- 
成功建立长连接！

========[Begin]========
2020-03-19 13:54:31,088 [线程9] ERROR MyError 日志正文如下- 
接收到客户端=[0ccd286127d14d03a6c804e40713b3e8]172.16.2.4:16532，具体信息=撒旦法

========[Begin]========
2020-03-19 14:34:47,894 [线程29] ERROR MyError 日志正文如下- 
成功建立长连接！

========[Begin]========
2020-03-19 14:37:47,862 [线程39] ERROR MyError 日志正文如下- 
关闭长连接

========[Begin]========
2020-03-19 14:37:51,405 [线程41] ERROR MyError 日志正文如下- 
成功建立长连接！

========[Begin]========
2020-03-19 14:38:00,882 [线程44] ERROR MyError 日志正文如下- 
关闭长连接

========[Begin]========
2020-03-19 14:38:38,148 [线程44] ERROR MyError 日志正文如下- 
成功建立长连接！

========[Begin]========
2020-03-19 14:38:47,652 [线程29] ERROR MyError 日志正文如下- 
关闭长连接

========[Begin]========
2020-03-19 14:39:50,930 [线程8] ERROR MyError 日志正文如下- 
成功建立长连接！

========[Begin]========
2020-03-19 14:40:10,800 [线程12] ERROR MyError 日志正文如下- 
成功建立长连接！

========[Begin]========
2020-03-19 14:40:29,405 [线程41] ERROR MyError 日志正文如下- 
成功建立长连接！

========[Begin]========
2020-03-19 14:42:15,762 [线程44] ERROR MyError 日志正文如下- 
成功建立长连接！

========[Begin]========
2020-03-19 14:42:19,316 [线程37] ERROR MyError 日志正文如下- 
关闭长连接

========[Begin]========
2020-03-19 14:50:08,085 [线程37] ERROR MyError 日志正文如下- 
关闭长连接

========[Begin]========
2020-03-19 14:50:08,392 [线程41] ERROR MyError 日志正文如下- 
成功建立长连接！

========[Begin]========
2020-03-19 14:50:18,436 [线程38] ERROR MyError 日志正文如下- 
关闭长连接

========[Begin]========
2020-03-19 14:50:18,647 [线程35] ERROR MyError 日志正文如下- 
成功建立长连接！

========[Begin]========
2020-03-19 14:51:07,429 [线程7] ERROR MyError 日志正文如下- 
成功建立长连接！

========[Begin]========
2020-03-19 14:52:21,164 [线程6] ERROR MyError 日志正文如下- 
成功建立长连接！

========[Begin]========
2020-03-19 14:52:24,736 [线程11] ERROR MyError 日志正文如下- 
关闭长连接

========[Begin]========
2020-03-19 14:54:30,095 [线程10] ERROR MyError 日志正文如下- 
关闭长连接

========[Begin]========
2020-03-19 14:54:30,204 [线程11] ERROR MyError 日志正文如下- 
成功建立长连接！

========[Begin]========
2020-03-19 14:54:32,724 [线程10] ERROR MyError 日志正文如下- 
关闭长连接

========[Begin]========
2020-03-19 14:54:32,893 [线程13] ERROR MyError 日志正文如下- 
成功建立长连接！

========[Begin]========
2020-03-19 14:54:36,476 [线程10] ERROR MyError 日志正文如下- 
关闭长连接

========[Begin]========
2020-03-19 14:55:32,031 [线程7] ERROR MyError 日志正文如下- 
成功建立长连接！

========[Begin]========
2020-03-19 14:55:39,521 [线程6] ERROR MyError 日志正文如下- 
关闭长连接

========[Begin]========
2020-03-19 14:55:39,645 [线程6] ERROR MyError 日志正文如下- 
成功建立长连接！

========[Begin]========
2020-03-19 14:55:40,987 [线程10] ERROR MyError 日志正文如下- 
关闭长连接

========[Begin]========
2020-03-19 14:55:41,088 [线程6] ERROR MyError 日志正文如下- 
成功建立长连接！

