========[Begin]========
2020-03-20 10:20:13,665 [线程28] ERROR MyError 日志正文如下- 
成功建立长连接！

========[Begin]========
2020-03-20 10:20:17,112 [线程28] ERROR MyError 日志正文如下- 
关闭长连接

========[Begin]========
2020-03-20 17:45:07,252 [线程8] ERROR MyError 日志正文如下- 
成功建立长连接！

========[Begin]========
2020-03-20 17:45:07,661 [线程9] ERROR MyError 日志正文如下- 
关闭长连接

========[Begin]========
2020-03-20 17:45:20,610 [线程8] ERROR MyError 日志正文如下- 
成功建立长连接！

========[Begin]========
2020-03-20 17:45:28,370 [线程11] ERROR MyError 日志正文如下- 
关闭长连接

========[Begin]========
2020-03-20 17:45:28,489 [线程9] ERROR MyError 日志正文如下- 
成功建立长连接！

========[Begin]========
2020-03-20 17:45:37,875 [线程11] ERROR MyError 日志正文如下- 
接收到客户端=[5d3ab7d048cd4a149341d7f336808584]172.16.2.4:57086，具体信息=你好啊

========[Begin]========
2020-03-20 17:47:20,639 [线程8] ERROR MyError 日志正文如下- 
关闭长连接

========[Begin]========
2020-03-20 17:47:20,889 [线程16] ERROR MyError 日志正文如下- 
成功建立长连接！

========[Begin]========
2020-03-20 17:47:35,219 [线程8] ERROR MyError 日志正文如下- 
关闭长连接

========[Begin]========
2020-03-20 17:47:35,397 [线程9] ERROR MyError 日志正文如下- 
成功建立长连接！

========[Begin]========
2020-03-20 17:47:40,051 [线程11] ERROR MyError 日志正文如下- 
接收到客户端=[08a60c9968584273a698ae11cc4d4e19]172.16.2.4:57095，具体信息=我们来了

========[Begin]========
2020-03-20 17:50:13,490 [线程16] ERROR MyError 日志正文如下- 
成功建立长连接！

========[Begin]========
2020-03-20 17:50:17,049 [线程9] ERROR MyError 日志正文如下- 
关闭长连接

========[Begin]========
2020-03-20 17:50:34,595 [线程17] ERROR MyError 日志正文如下- 
关闭长连接

========[Begin]========
2020-03-20 17:50:34,801 [线程9] ERROR MyError 日志正文如下- 
成功建立长连接！

========[Begin]========
2020-03-20 17:50:41,124 [线程16] ERROR MyError 日志正文如下- 
接收到客户端=[dc938a76e65e4381a4d061bf76cce280]172.16.2.4:57123，具体信息=大家好

========[Begin]========
2020-03-20 17:51:02,613 [线程26] ERROR MyError 日志正文如下- 
关闭长连接

========[Begin]========
2020-03-20 17:51:02,937 [线程17] ERROR MyError 日志正文如下- 
成功建立长连接！

========[Begin]========
2020-03-20 17:51:05,774 [线程26] ERROR MyError 日志正文如下- 
接收到客户端=[5463fce0edbb41be905440137ae6776a]172.16.2.4:57130，具体信息=撒旦法

========[Begin]========
2020-03-20 17:52:25,593 [线程26] ERROR MyError 日志正文如下- 
关闭长连接

========[Begin]========
2020-03-20 17:52:25,970 [线程9] ERROR MyError 日志正文如下- 
成功建立长连接！

========[Begin]========
2020-03-20 17:52:31,173 [线程16] ERROR MyError 日志正文如下- 
接收到客户端=[51feed076db34781acc9f91cd29f56c3]172.16.2.4:57213，具体信息=大家好

========[Begin]========
2020-03-20 17:53:42,996 [线程17] ERROR MyError 日志正文如下- 
关闭长连接

========[Begin]========
2020-03-20 17:53:43,331 [线程17] ERROR MyError 日志正文如下- 
成功建立长连接！

========[Begin]========
2020-03-20 17:53:46,303 [线程9] ERROR MyError 日志正文如下- 
接收到客户端=[2c4be4810ba047709b07a4e9780187a5]172.16.2.4:57259，具体信息=地方

========[Begin]========
2020-03-20 17:54:20,574 [线程27] ERROR MyError 日志正文如下- 
接收到客户端=[2c4be4810ba047709b07a4e9780187a5]172.16.2.4:57259，具体信息=辅导费

========[Begin]========
2020-03-20 17:55:42,202 [线程34] ERROR MyError 日志正文如下- 
成功建立长连接！

========[Begin]========
2020-03-20 17:55:45,872 [线程29] ERROR MyError 日志正文如下- 
关闭长连接

========[Begin]========
2020-03-20 17:55:46,166 [线程32] ERROR MyError 日志正文如下- 
成功建立长连接！

========[Begin]========
2020-03-20 17:55:53,964 [线程34] ERROR MyError 日志正文如下- 
接收到客户端=[c1fafb2f2cbf4933bb73de42481f8085]172.16.2.4:57275，具体信息=黄老师

========[Begin]========
2020-03-20 17:55:57,134 [线程32] ERROR MyError 日志正文如下- 
关闭长连接

========[Begin]========
2020-03-20 17:55:57,500 [线程34] ERROR MyError 日志正文如下- 
成功建立长连接！

========[Begin]========
2020-03-20 18:02:05,820 [线程32] ERROR MyError 日志正文如下- 
关闭长连接

